<?xml version="1.0" encoding="UTF-8"?>
<testsuite name="fit.iuh.edu.com.CourseServiceApplicationTests" tests="1" skipped="0" failures="0" errors="0" timestamp="2025-02-16T14:28:08" hostname="DESKTOP-11SJ823" time="1.266">
  <properties/>
  <testcase name="contextLoads()" classname="fit.iuh.edu.com.CourseServiceApplicationTests" time="1.266"/>
  <system-out><![CDATA[21:28:02.600 [Test worker] INFO org.springframework.test.context.support.AnnotationConfigContextLoaderUtils -- Could not detect default configuration classes for test class [fit.iuh.edu.com.CourseServiceApplicationTests]: CourseServiceApplicationTests does not declare any static, non-private, non-final, nested classes annotated with @Configuration.
21:28:02.767 [Test worker] INFO org.springframework.boot.test.context.SpringBootTestContextBootstrapper -- Found @SpringBootConfiguration fit.iuh.edu.com.CourseServiceApplication for test class fit.iuh.edu.com.CourseServiceApplicationTests

  .   ____          _            __ _ _
 /\\ / ___'_ __ _ _(_)_ __  __ _ \ \ \ \
( ( )\___ | '_ | '_| | '_ \/ _` | \ \ \ \
 \\/  ___)| |_)| | | | | || (_| |  ) ) ) )
  '  |____| .__|_| |_|_| |_\__, | / / / /
 =========|_|==============|___/=/_/_/_/

 :: Spring Boot ::                (v3.4.2)

2025-02-16T21:28:03.472+07:00  INFO 19004 --- [course_service] [    Test worker] f.i.e.com.CourseServiceApplicationTests  : Starting CourseServiceApplicationTests using Java 17.0.12 with PID 19004 (started by AD in D:\Project\WWW\microservices\Learning-Management-System\course_service)
2025-02-16T21:28:03.474+07:00  INFO 19004 --- [course_service] [    Test worker] f.i.e.com.CourseServiceApplicationTests  : The following 1 profile is active: "dev"
2025-02-16T21:28:06.681+07:00 DEBUG 19004 --- [course_service] [    Test worker] swordEncoderAuthenticationManagerBuilder : No authenticationProviders and no parentAuthenticationManager defined. Returning null.
2025-02-16T21:28:06.753+07:00 DEBUG 19004 --- [course_service] [    Test worker] o.s.s.a.h.RoleHierarchyImpl              : buildRolesReachableInOneStepMap() - From role ROLE_ADMIN one can reach role ROLE_TEACHER in one step.
2025-02-16T21:28:06.753+07:00 DEBUG 19004 --- [course_service] [    Test worker] o.s.s.a.h.RoleHierarchyImpl              : buildRolesReachableInOneStepMap() - From role ROLE_TEACHER one can reach role ROLE_STUDENT in one step.
2025-02-16T21:28:06.753+07:00 DEBUG 19004 --- [course_service] [    Test worker] o.s.s.a.h.RoleHierarchyImpl              : buildRolesReachableInOneOrMoreStepsMap() - From role ROLE_ADMIN one can reach [ROLE_STUDENT, ROLE_TEACHER] in one or more steps.
2025-02-16T21:28:06.754+07:00 DEBUG 19004 --- [course_service] [    Test worker] o.s.s.a.h.RoleHierarchyImpl              : buildRolesReachableInOneOrMoreStepsMap() - From role ROLE_TEACHER one can reach [ROLE_STUDENT] in one or more steps.
2025-02-16T21:28:07.448+07:00 DEBUG 19004 --- [course_service] [    Test worker] o.s.s.web.DefaultSecurityFilterChain     : Will secure any request with filters: DisableEncodeUrlFilter, WebAsyncManagerIntegrationFilter, SecurityContextHolderFilter, HeaderWriterFilter, LogoutFilter, BearerTokenAuthenticationFilter, RequestCacheAwareFilter, SecurityContextHolderAwareRequestFilter, AnonymousAuthenticationFilter, SessionManagementFilter, ExceptionTranslationFilter, AuthorizationFilter
2025-02-16T21:28:08.313+07:00  INFO 19004 --- [course_service] [    Test worker] f.i.e.com.CourseServiceApplicationTests  : Started CourseServiceApplicationTests in 5.282 seconds (process running for 6.929)
]]></system-out>
  <system-err><![CDATA[]]></system-err>
</testsuite>
